NO_DD:  case14_2, Steps: 0, Time[s]: 0.026, Qp-It.: 94.0(RedSpBKP) 
NO_DD:  case14_2, Steps: 0, Time: 0.0375, Qp-It.: 94.0(Pardiso) 
NO_DD:  case14_2, Steps: 5, Time: 0.338, Qp-It.: 103.0(RedSpBKP) 
NO_DD:  case14_2, Steps: 5, Time: 0.217, Qp-It.: 103.0(Pardiso) 
NO_DD:  case14_2, Steps: 24, Time: 1.553, Qp-It.: 100.0(RedSpBKP) 
NO_DD:  case14_2, Steps: 24, Time: 0.815, Qp-It.: 100.0(Pardiso) 
NO_DD:  case14_7, Steps: 0, Time: 0.278, Qp-It.: 133.0(RedSpBKP) 
NO_DD:  case14_7, Steps: 0, Time: 0.231, Qp-It.: 133.0(Pardiso) 
NO_DD:  case14_7, Steps: 5, Time: 0.1885, Qp-It.: 129.0(RedSpBKP) 
NO_DD:  case14_7, Steps: 5, Time: 0.2035, Qp-It.: 129.0(Pardiso) 
NO_DD:  case14_7, Steps: 24, Time: 0.4475, Qp-It.: 133.0(RedSpBKP) 
NO_DD:  case14_7, Steps: 24, Time: 0.531, Qp-It.: 133.0(Pardiso) 
NO_DD:  case30_2, Steps: 0, Time: 0.1525, Qp-It.: 190.0(RedSpBKP) 
NO_DD:  case30_2, Steps: 0, Time: 0.2105, Qp-It.: 190.0(Pardiso) 
NO_DD:  case30_2, Steps: 5, Time: 3.3415, Qp-It.: 177.0(RedSpBKP) 
NO_DD:  case30_2, Steps: 5, Time: 1.243, Qp-It.: 177.0(Pardiso) 
NO_DD:  case30_2, Steps: 24, Time: 15.8895, Qp-It.: 179.0(RedSpBKP) 
NO_DD:  case30_2, Steps: 24, Time: 5.2615, Qp-It.: 179.0(Pardiso) 
NO_DD:  case30_7, Steps: 0, Time: 0.391, Qp-It.: 137.0(RedSpBKP) 
NO_DD:  case30_7, Steps: 0, Time: 0.3745, Qp-It.: 137.0(Pardiso) 
NO_DD:  case30_7, Steps: 5, Time: 4.4265, Qp-It.: 145.0(RedSpBKP) 
NO_DD:  case30_7, Steps: 5, Time: 1.506, Qp-It.: 145.0(Pardiso) 
NO_DD:  case30_7, Steps: 24, Time: 22.7465, Qp-It.: 151.0(RedSpBKP) 
NO_DD:  case30_7, Steps: 24, Time: 6.218, Qp-It.: 151.0(Pardiso) 
NO_DD:  case89_2, Steps: 0, Time: 2.011, Qp-It.: 213.0(RedSpBKP) 
NO_DD:  case89_2, Steps: 0, Time: 1.581, Qp-It.: 213.0(Pardiso) 
NO_DD:  case89_2, Steps: 5, Time: 32.055, Qp-It.: 223.0(RedSpBKP) 
NO_DD:  case89_2, Steps: 5, Time: 7.579, Qp-It.: 223.0(Pardiso) 
NO_DD:  case89_2, Steps: 24, Time: 152.595, Qp-It.: 222.0(RedSpBKP) 
NO_DD:  case89_2, Steps: 24, Time: 25.327, Qp-It.: 218.0(Pardiso) 
NO_DD:  case89_7, Steps: 0, Time: 5.3505, Qp-It.: 95.0(RedSpBKP) 
NO_DD:  case89_7, Steps: 0, Time: 5.382, Qp-It.: 87.0(Pardiso) 
NO_DD:  case89_7, Steps: 5, Time: 5.241, Qp-It.: 92.0(RedSpBKP) 
NO_DD:  case89_7, Steps: 5, Time: 5.3375, Qp-It.: 92.0(Pardiso) 
NO_DD:  case89_7, Steps: 24, Time: 21.063, Qp-It.: 163.0(RedSpBKP) 
NO_DD:  case89_7, Steps: 24, Time: 21.5285, Qp-It.: 162.0(Pardiso) 
DD: case14_2, Steps: 0, Time: 0.019, Qp-It.: 104.0(RedSpBKP) 
DD: case14_2, Steps: 0, Time: 0.9715, Qp-It.: 104.0(Pardiso) 
DD: case14_2, Steps: 5, Time: 0.394, Qp-It.: 114.0(RedSpBKP) 
DD: case14_2, Steps: 5, Time: 11.051, Qp-It.: 114.0(Pardiso) 
DD: case14_2, Steps: 24, Time: 1.572, Qp-It.: 96.0(RedSpBKP) 
DD: case14_2, Steps: 24, Time: 4.307, Qp-It.: 96.0(Pardiso) 
DD: case14_7, Steps: 0, Time: 0.031, Qp-It.: 134.0(RedSpBKP) 
DD: case14_7, Steps: 0, Time: 0.587, Qp-It.: 134.0(Pardiso) 
DD: case14_7, Steps: 5, Time: 0.062, Qp-It.: 129.0(RedSpBKP) 
DD: case14_7, Steps: 5, Time: 13.213, Qp-It.: 129.0(Pardiso) 
DD: case14_7, Steps: 24, Time: 0.2175, Qp-It.: 133.0(RedSpBKP) 
DD: case14_7, Steps: 24, Time: 1.1995, Qp-It.: 133.0(Pardiso) 
DD: case30_2, Steps: 0, Time: 0.125, Qp-It.: 167.0(RedSpBKP) 
DD: case30_2, Steps: 0, Time: 0.2795, Qp-It.: 167.0(Pardiso) 
DD: case30_2, Steps: 5, Time: 3.5015, Qp-It.: 177.0(RedSpBKP) 
DD: case30_2, Steps: 5, Time: 91.655, Qp-It.: 177.0(Pardiso) 
DD: case30_2, Steps: 24, Time: 16.453, Qp-It.: 177.0(RedSpBKP) 
DD: case30_2, Steps: 24, Time: 13.254, Qp-It.: 177.0(Pardiso) 
DD: case30_7, Steps: 0, Time: 0.1085, Qp-It.: 129.0(RedSpBKP) 
DD: case30_7, Steps: 0, Time: 0.6715, Qp-It.: 129.0(Pardiso) 
DD: case30_7, Steps: 5, Time: 0.2415, Qp-It.: 170.0(RedSpBKP) 
DD: case30_7, Steps: 5, Time: 6.774, Qp-It.: 170.0(Pardiso) 
DD: case30_7, Steps: 24, Time: 0.833, Qp-It.: 180.0(RedSpBKP) 
DD: case30_7, Steps: 24, Time: 2.6815, Qp-It.: 180.0(Pardiso) 
DD: case89_2, Steps: 0, Time: 1.255, Qp-It.: 201.0(RedSpBKP) 
DD: case89_2, Steps: 0, Time: 1.422, Qp-It.: 201.0(Pardiso) 
DD: case89_2, Steps: 5, Time: 33.794, Qp-It.: 223.0(RedSpBKP) 
DD: case89_2, Steps: 5, Time: 147.5485, Qp-It.: 223.0(Pardiso) 
DD: case89_2, Steps: 24, Time: 142.875, Qp-It.: 200.0(RedSpBKP) 
DD: case89_2, Steps: 24, Time: 54.36, Qp-It.: 200.0(Pardiso) 
DD: case89_7, Steps: 0, Time: 1.5715, Qp-It.: 76.0(RedSpBKP) 
DD: case89_7, Steps: 0, Time: 1.4995, Qp-It.: 76.0(Pardiso) 
DD: case89_7, Steps: 5, Time: 1.8085, Qp-It.: 72.0(RedSpBKP) 
DD: case89_7, Steps: 5, Time: 17.901, Qp-It.: 72.0(Pardiso) 
DD: case89_7, Steps: 24, Time: 4.5435, Qp-It.: 78.0(RedSpBKP) 
DD: case89_7, Steps: 24, Time: 7.251, Qp-It.: 78.0(Pardiso) 
